<?xml version="1.0" encoding="UTF-8"?>
<!-- Generated by org.testng.reporters.JUnitReportReporter -->
<testsuite hostname="W-PF2A94V4" failures="0" tests="1" name="com.testautomation.testcases.LoginTestCRM" time="2.656" errors="0" timestamp="2021-08-26T17:39:17 CEST" skipped="0">
  <testcase classname="com.testautomation.testcases.LoginTestCRM" name="loginApp" time="2.656"/>
  <system-out/>
</testsuite> <!-- com.testautomation.testcases.LoginTestCRM -->
